{"/home/allinny/Projeto-VueJS/my-pokedex/src/service/pokeApi.service.js": {"path":"/home/allinny/Projeto-VueJS/my-pokedex/src/service/pokeApi.service.js","statementMap":{"0":{"start":{"line":5,"column":21},"end":{"line":5,"column":67}},"1":{"start":{"line":6,"column":4},"end":{"line":6,"column":33}},"2":{"start":{"line":9,"column":21},"end":{"line":9,"column":56}},"3":{"start":{"line":10,"column":4},"end":{"line":10,"column":25}},"4":{"start":{"line":13,"column":21},"end":{"line":13,"column":54}},"5":{"start":{"line":14,"column":4},"end":{"line":14,"column":25}}},"fnMap":{},"branchMap":{},"s":{"0":1,"1":1,"2":1,"3":1,"4":1,"5":1},"f":{},"b":{},"_coverageSchema":"332fd63041d2c1bcb487cc26dd0d5f7d97098a6c","hash":"357b0a370ac0445bf9954c1af5d50395f3b37c7d"}
}
