TN:
SF:/home/allinny/Projeto-VueJS/my-pokedex/src/App.vue
FNF:0
FNH:0
DA:10,0
LF:1
LH:0
BRF:0
BRH:0
end_of_record
TN:
SF:/home/allinny/Projeto-VueJS/my-pokedex/src/main.js
FN:11,render
FNF:1
FNH:0
FNDA:0,render
DA:3,0
DA:4,0
DA:6,0
DA:9,0
DA:11,0
LF:5
LH:0
BRF:0
BRH:0
end_of_record
TN:
SF:/home/allinny/Projeto-VueJS/my-pokedex/src/components/ListItem.vue
FN:25,data
FN:35,mounted
FNF:2
FNH:2
FNDA:2,data
FNDA:8,mounted
DA:11,1
DA:26,2
DA:35,18
DA:36,2
DA:37,1
LF:5
LH:5
BRDA:35,0,0,2
BRDA:35,0,1,1
BRDA:35,0,2,1
BRDA:35,0,3,2
BRF:4
BRH:4
end_of_record
TN:
SF:/home/allinny/Projeto-VueJS/my-pokedex/src/components/ListingPokemon.vue
FN:20,data
FNF:1
FNH:0
FNDA:0,data
DA:11,0
DA:12,0
DA:21,0
LF:3
LH:0
BRF:0
BRH:0
end_of_record
TN:
SF:/home/allinny/Projeto-VueJS/my-pokedex/src/components/Pokedex.vue
FNF:0
FNH:0
DA:11,0
LF:1
LH:0
BRF:0
BRH:0
end_of_record
TN:
SF:/home/allinny/Projeto-VueJS/my-pokedex/src/service/config.js
FNF:0
FNH:0
DA:1,0
DA:3,0
LF:2
LH:0
BRF:0
BRH:0
end_of_record
TN:
SF:/home/allinny/Projeto-VueJS/my-pokedex/src/service/pokeApi.service.js
FNF:0
FNH:0
DA:5,1
DA:6,1
DA:9,1
DA:10,1
DA:13,1
DA:14,1
LF:6
LH:6
BRF:0
BRH:0
end_of_record
