TN:
SF:/home/allinny/Projeto-VueJS/my-pokedex/src/App.vue
FNF:0
FNH:0
DA:8,1
LF:1
LH:1
BRF:0
BRH:0
end_of_record
TN:
SF:/home/allinny/Projeto-VueJS/my-pokedex/src/main.js
FN:12,render
FNF:1
FNH:0
FNDA:0,render
DA:3,0
DA:4,0
DA:5,0
DA:7,0
DA:10,0
DA:12,0
LF:6
LH:0
BRF:0
BRH:0
end_of_record
TN:
SF:/home/allinny/Projeto-VueJS/my-pokedex/src/components/ListItem.vue
FN:33,data
FN:59,created
FN:64,returnApiService
FN:68,showModal
FN:71,closeModal
FN:74,indiceTypes
FN:75,(anonymous_9)
FN:77,indiceAbilities
FN:78,(anonymous_11)
FN:82,mounted
FNF:10
FNH:0
FNDA:0,data
FNDA:0,created
FNDA:0,returnApiService
FNDA:0,showModal
FNDA:0,closeModal
FNDA:0,indiceTypes
FNDA:0,(anonymous_9)
FNDA:0,indiceAbilities
FNDA:0,(anonymous_11)
FNDA:0,mounted
DA:15,5
DA:16,5
DA:34,0
DA:60,0
DA:64,0
DA:65,0
DA:66,0
DA:69,0
DA:72,0
DA:75,0
DA:78,0
LF:11
LH:2
BRDA:64,0,0,0
BRDA:64,0,1,0
BRDA:64,0,2,0
BRDA:64,0,3,0
BRF:4
BRH:0
end_of_record
TN:
SF:/home/allinny/Projeto-VueJS/my-pokedex/src/components/ListingPokemon.vue
FN:18,data
FN:24,created
FN:29,returnPokemonList
FN:30,(anonymous_6)
FN:35,mounted
FNF:5
FNH:0
FNDA:0,data
FNDA:0,created
FNDA:0,returnPokemonList
FNDA:0,(anonymous_6)
FNDA:0,mounted
DA:9,3
DA:10,3
DA:19,0
DA:25,0
DA:29,0
DA:30,0
DA:31,0
LF:7
LH:2
BRDA:29,0,0,0
BRDA:29,0,1,0
BRDA:29,0,2,0
BRDA:29,0,3,0
BRF:4
BRH:0
end_of_record
TN:
SF:/home/allinny/Projeto-VueJS/my-pokedex/src/components/ModalDetails.vue
FN:90,data
FN:97,close
FN:100,returnDifColorOfTypes
FN:141,mounted
FNF:4
FNH:2
FNDA:1,data
FNDA:1,close
FNDA:0,returnDifColorOfTypes
FNDA:0,mounted
DA:53,5
DA:91,1
DA:98,1
DA:101,0
DA:102,0
DA:103,0
DA:104,0
DA:105,0
DA:106,0
DA:107,0
DA:108,0
DA:109,0
DA:110,0
DA:111,0
DA:112,0
DA:113,0
DA:114,0
DA:115,0
DA:116,0
DA:117,0
DA:118,0
DA:119,0
DA:120,0
DA:121,0
DA:122,0
DA:123,0
DA:124,0
DA:125,0
DA:126,0
DA:127,0
DA:128,0
DA:129,0
DA:130,0
DA:131,0
DA:132,0
DA:133,0
DA:134,0
DA:135,0
DA:136,0
DA:137,0
LF:40
LH:3
BRDA:101,0,0,0
BRDA:101,0,1,0
BRDA:103,1,0,0
BRDA:103,1,1,0
BRDA:105,2,0,0
BRDA:105,2,1,0
BRDA:107,3,0,0
BRDA:107,3,1,0
BRDA:109,4,0,0
BRDA:109,4,1,0
BRDA:111,5,0,0
BRDA:111,5,1,0
BRDA:113,6,0,0
BRDA:113,6,1,0
BRDA:115,7,0,0
BRDA:115,7,1,0
BRDA:117,8,0,0
BRDA:117,8,1,0
BRDA:120,9,0,0
BRDA:120,9,1,0
BRDA:122,10,0,0
BRDA:122,10,1,0
BRDA:124,11,0,0
BRDA:124,11,1,0
BRDA:126,12,0,0
BRDA:126,12,1,0
BRDA:128,13,0,0
BRDA:128,13,1,0
BRDA:130,14,0,0
BRDA:130,14,1,0
BRDA:133,15,0,0
BRDA:133,15,1,0
BRDA:135,16,0,0
BRDA:135,16,1,0
BRF:34
BRH:0
end_of_record
TN:
SF:/home/allinny/Projeto-VueJS/my-pokedex/src/components/Pokedex.vue
FNF:0
FNH:0
DA:9,2
DA:10,2
LF:2
LH:2
BRF:0
BRH:0
end_of_record
TN:
SF:/home/allinny/Projeto-VueJS/my-pokedex/src/service/config.js
FNF:0
FNH:0
DA:3,3
LF:1
LH:1
BRF:0
BRH:0
end_of_record
TN:
SF:/home/allinny/Projeto-VueJS/my-pokedex/src/service/pokeApi.service.js
FNF:0
FNH:0
DA:5,1
DA:6,1
DA:9,1
DA:10,1
DA:13,1
DA:14,1
LF:6
LH:6
BRF:0
BRH:0
end_of_record
